2022-05-18 11:41:52.093  INFO 17224 --- [main] com.itheima.Springboottest1Application   : Starting Springboottest1Application using Java 1.8.0_231 on DESKTOP-5HRFDOT with PID 17224 (D:\JavaProject\springboot\springboottest1\target\classes started by liuya in D:\JavaProject\springboot\springboottest1)
2022-05-18 11:41:52.099  INFO 17224 --- [main] com.itheima.Springboottest1Application   : No active profile set, falling back to default profiles: default
2022-05-18 11:41:54.380  INFO 17224 --- [main] o.s.b.w.embedded.tomcat.TomcatWebServer  : Tomcat initialized with port(s): 80 (http)
2022-05-18 11:41:54.392  INFO 17224 --- [main] o.apache.catalina.core.StandardService   : Starting service [Tomcat]
2022-05-18 11:41:54.392  INFO 17224 --- [main] org.apache.catalina.core.StandardEngine  : Starting Servlet engine: [Apache Tomcat/9.0.52]
2022-05-18 11:41:54.526  INFO 17224 --- [main] o.a.c.c.C.[Tomcat].[localhost].[/]       : Initializing Spring embedded WebApplicationContext
2022-05-18 11:41:54.527  INFO 17224 --- [main] w.s.c.ServletWebServerApplicationContext : Root WebApplicationContext: initialization completed in 2289 ms
2022-05-18 11:41:54.742  INFO 17224 --- [main] c.a.d.s.b.a.DruidDataSourceAutoConfigure : Init DruidDataSource
2022-05-18 11:41:54.911  INFO 17224 --- [main] com.alibaba.druid.pool.DruidDataSource   : {dataSource-1} inited
2022-05-18 11:41:57.636  INFO 17224 --- [main] o.s.b.w.embedded.tomcat.TomcatWebServer  : Tomcat started on port(s): 80 (http) with context path ''
2022-05-18 11:41:57.654  INFO 17224 --- [main] com.itheima.Springboottest1Application   : Started Springboottest1Application in 7.347 seconds (JVM running for 11.499)
2022-05-18 11:42:32.244  INFO 17224 --- [http-nio-80-exec-1] o.a.c.c.C.[Tomcat].[localhost].[/]       : Initializing Spring DispatcherServlet 'dispatcherServlet'
2022-05-18 11:42:32.245  INFO 17224 --- [http-nio-80-exec-1] o.s.web.servlet.DispatcherServlet        : Initializing Servlet 'dispatcherServlet'
2022-05-18 11:42:32.246  INFO 17224 --- [http-nio-80-exec-1] o.s.web.servlet.DispatcherServlet        : Completed initialization in 1 ms
2022-05-18 11:48:07.514  INFO 3184 --- [main] com.itheima.Springboottest1Application   : Starting Springboottest1Application using Java 1.8.0_231 on DESKTOP-5HRFDOT with PID 3184 (D:\JavaProject\springboot\springboottest1\target\classes started by liuya in D:\JavaProject\springboot\springboottest1)
2022-05-18 11:48:07.520  INFO 3184 --- [main] com.itheima.Springboottest1Application   : No active profile set, falling back to default profiles: default
2022-05-18 11:48:09.965  INFO 3184 --- [main] o.s.b.w.embedded.tomcat.TomcatWebServer  : Tomcat initialized with port(s): 80 (http)
2022-05-18 11:48:09.981  INFO 3184 --- [main] o.apache.catalina.core.StandardService   : Starting service [Tomcat]
2022-05-18 11:48:09.982  INFO 3184 --- [main] org.apache.catalina.core.StandardEngine  : Starting Servlet engine: [Apache Tomcat/9.0.52]
2022-05-18 11:48:10.137  INFO 3184 --- [main] o.a.c.c.C.[Tomcat].[localhost].[/]       : Initializing Spring embedded WebApplicationContext
2022-05-18 11:48:10.137  INFO 3184 --- [main] w.s.c.ServletWebServerApplicationContext : Root WebApplicationContext: initialization completed in 2439 ms
2022-05-18 11:48:10.388  INFO 3184 --- [main] c.a.d.s.b.a.DruidDataSourceAutoConfigure : Init DruidDataSource
2022-05-18 11:48:10.592  INFO 3184 --- [main] com.alibaba.druid.pool.DruidDataSource   : {dataSource-1} inited
2022-05-18 11:48:14.109  INFO 3184 --- [main] o.s.b.w.embedded.tomcat.TomcatWebServer  : Tomcat started on port(s): 80 (http) with context path ''
2022-05-18 11:48:14.130  INFO 3184 --- [main] com.itheima.Springboottest1Application   : Started Springboottest1Application in 8.143 seconds (JVM running for 11.875)
2022-05-18 11:48:14.217  INFO 3184 --- [http-nio-80-exec-1] o.a.c.c.C.[Tomcat].[localhost].[/]       : Initializing Spring DispatcherServlet 'dispatcherServlet'
2022-05-18 11:48:14.218  INFO 3184 --- [http-nio-80-exec-1] o.s.web.servlet.DispatcherServlet        : Initializing Servlet 'dispatcherServlet'
2022-05-18 11:48:14.220  INFO 3184 --- [http-nio-80-exec-1] o.s.web.servlet.DispatcherServlet        : Completed initialization in 2 ms
2022-05-18 12:47:05.053  INFO 740 --- [main] com.itheima.Springboottest1Application   : Starting Springboottest1Application using Java 1.8.0_231 on DESKTOP-5HRFDOT with PID 740 (D:\JavaProject\springboot\springboottest1\target\classes started by liuya in D:\JavaProject\springboot\springboottest1)
2022-05-18 12:47:05.060  INFO 740 --- [main] com.itheima.Springboottest1Application   : No active profile set, falling back to default profiles: default
2022-05-18 12:47:07.069  INFO 740 --- [main] o.s.b.w.embedded.tomcat.TomcatWebServer  : Tomcat initialized with port(s): 80 (http)
2022-05-18 12:47:07.080  INFO 740 --- [main] o.apache.catalina.core.StandardService   : Starting service [Tomcat]
2022-05-18 12:47:07.081  INFO 740 --- [main] org.apache.catalina.core.StandardEngine  : Starting Servlet engine: [Apache Tomcat/9.0.52]
2022-05-18 12:47:07.222  INFO 740 --- [main] o.a.c.c.C.[Tomcat].[localhost].[/]       : Initializing Spring embedded WebApplicationContext
2022-05-18 12:47:07.222  INFO 740 --- [main] w.s.c.ServletWebServerApplicationContext : Root WebApplicationContext: initialization completed in 2009 ms
2022-05-18 12:47:07.511  INFO 740 --- [main] c.a.d.s.b.a.DruidDataSourceAutoConfigure : Init DruidDataSource
2022-05-18 12:47:07.688  INFO 740 --- [main] com.alibaba.druid.pool.DruidDataSource   : {dataSource-1} inited
2022-05-18 12:47:10.309  INFO 740 --- [main] o.s.b.w.embedded.tomcat.TomcatWebServer  : Tomcat started on port(s): 80 (http) with context path ''
2022-05-18 12:47:10.321  INFO 740 --- [main] com.itheima.Springboottest1Application   : Started Springboottest1Application in 6.391 seconds (JVM running for 9.118)
2022-05-18 12:47:21.525  INFO 740 --- [http-nio-80-exec-1] o.a.c.c.C.[Tomcat].[localhost].[/]       : Initializing Spring DispatcherServlet 'dispatcherServlet'
2022-05-18 12:47:21.525  INFO 740 --- [http-nio-80-exec-1] o.s.web.servlet.DispatcherServlet        : Initializing Servlet 'dispatcherServlet'
2022-05-18 12:47:21.527  INFO 740 --- [http-nio-80-exec-1] o.s.web.servlet.DispatcherServlet        : Completed initialization in 1 ms
